The system is: Linux - 5.14.21-150400.24.55-default - x86_64
Compiling the CXX compiler identification source file "CMakeCXXCompilerId.cpp" succeeded.
Compiler: /opt/intel/inteloneapi-basekit-hpckit-2024.1.001_PUBLIC/compiler/2024.x.0.20240410/bin/icpx 
Build flags: 
Id flags:  

The output was:
0


Compilation of the CXX compiler identification source "CMakeCXXCompilerId.cpp" produced "a.out"

The CXX compiler identification is IntelLLVM, found in "/home/majumder/bitsandbytes_kernel_samples/tests/sycl/CMakeFiles/3.20.4/CompilerIdCXX/a.out"

Detecting CXX compiler ABI info compiled with the following output:
Change Dir: /home/majumder/bitsandbytes_kernel_samples/tests/sycl/CMakeFiles/CMakeTmp

Run Build Command(s):/usr/bin/gmake -f Makefile cmTC_a0c65/fast && /usr/bin/gmake  -f CMakeFiles/cmTC_a0c65.dir/build.make CMakeFiles/cmTC_a0c65.dir/build
gmake[1]: Entering directory '/home/majumder/bitsandbytes_kernel_samples/tests/sycl/CMakeFiles/CMakeTmp'
Building CXX object CMakeFiles/cmTC_a0c65.dir/CMakeCXXCompilerABI.cpp.o
/opt/intel/inteloneapi-basekit-hpckit-2024.1.001_PUBLIC/compiler/2024.x.0.20240410/bin/icpx   -v -MD -MT CMakeFiles/cmTC_a0c65.dir/CMakeCXXCompilerABI.cpp.o -MF CMakeFiles/cmTC_a0c65.dir/CMakeCXXCompilerABI.cpp.o.d -o CMakeFiles/cmTC_a0c65.dir/CMakeCXXCompilerABI.cpp.o -c /usr/share/cmake/Modules/CMakeCXXCompilerABI.cpp
Intel(R) oneAPI DPC++/C++ Compiler 2024.2.0 (2024.x.0.20240410)
Target: x86_64-unknown-linux-gnu
Thread model: posix
InstalledDir: /opt/intel/inteloneapi-basekit-hpckit-2024.1.001_PUBLIC/compiler/2024.x.0.20240410/bin/compiler
Configuration file: /opt/intel/inteloneapi-basekit-hpckit-2024.1.001_PUBLIC/compiler/2024.x.0.20240410/bin/compiler/../icpx.cfg
Found candidate GCC installation: /usr/lib64/gcc/x86_64-suse-linux/11
Found candidate GCC installation: /usr/lib64/gcc/x86_64-suse-linux/7
Selected GCC installation: /usr/lib64/gcc/x86_64-suse-linux/11
Candidate multilib: .;@m64
Selected multilib: .;@m64
 (in-process)
 "/opt/intel/inteloneapi-basekit-hpckit-2024.1.001_PUBLIC/compiler/2024.x.0.20240410/bin/compiler/clang++" -cc1 -triple x86_64-unknown-linux-gnu -emit-obj -disable-free -clear-ast-before-backend -disable-llvm-verifier -discard-value-names -main-file-name CMakeCXXCompilerABI.cpp -mrelocation-model static -fveclib=SVML -faltmathlib=SVMLAltMathLibrary -mframe-pointer=none -fapprox-func -funsafe-math-optimizations -fno-signed-zeros -mreassociate -freciprocal-math -fdenormal-fp-math=preserve-sign,preserve-sign -ffp-contract=fast -fno-rounding-math -complex-range=promoted -mconstructor-aliases -funwind-tables=2 -target-cpu x86-64 -mllvm -x86-enable-unaligned-vector-move=true -tune-cpu generic -debugger-tuning=gdb -fdebug-compilation-dir=/home/majumder/bitsandbytes_kernel_samples/tests/sycl/CMakeFiles/CMakeTmp -v -fcoverage-compilation-dir=/home/majumder/bitsandbytes_kernel_samples/tests/sycl/CMakeFiles/CMakeTmp -fclang-abi-compat=17 -resource-dir /opt/intel/inteloneapi-basekit-hpckit-2024.1.001_PUBLIC/compiler/2024.x.0.20240410/lib/clang/19 -dependency-file CMakeFiles/cmTC_a0c65.dir/CMakeCXXCompilerABI.cpp.o.d -MT CMakeFiles/cmTC_a0c65.dir/CMakeCXXCompilerABI.cpp.o -sys-header-deps -I/usr/mpi/mpich-ofi-all-icc-default-pmix-gpu-drop20231026/include -I/opt/intel/inteloneapi-basekit-hpckit-2024.1.001_PUBLIC/ipp/2021.11/include -I/opt/intel/inteloneapi-basekit-hpckit-2024.1.001_PUBLIC/ippcp/2021.11/include -I/opt/intel/inteloneapi-basekit-hpckit-2024.1.001_PUBLIC/dpcpp-ct/20240410/include -I/opt/intel/inteloneapi-basekit-hpckit-2024.1.001_PUBLIC/dpl/2022.5/include -I/opt/intel/inteloneapi-basekit-hpckit-2024.1.001_PUBLIC/ccl/2021.12/include -I/opt/intel/inteloneapi-basekit-hpckit-2024.1.001_PUBLIC/dal/2024.2/include/dal -I/opt/intel/inteloneapi-basekit-hpckit-2024.1.001_PUBLIC/dnnl/2024.1/include -I/opt/intel/inteloneapi-basekit-hpckit-2024.1.001_PUBLIC/tbb/2021.12/include -I/opt/intel/inteloneapi-basekit-hpckit-2024.1.001_PUBLIC/mkl/20240414_cev_nightly/include -I/opt/intel/inteloneapi-basekit-hpckit-2024.1.001_PUBLIC/compiler/2024.x.0.20240410/include -internal-isystem /opt/intel/inteloneapi-basekit-hpckit-2024.1.001_PUBLIC/compiler/2024.x.0.20240410/bin/compiler/../../opt/compiler/include -internal-isystem /usr/lib64/gcc/x86_64-suse-linux/11/../../../../include/c++/11 -internal-isystem /usr/lib64/gcc/x86_64-suse-linux/11/../../../../include/c++/11/x86_64-suse-linux -internal-isystem /usr/lib64/gcc/x86_64-suse-linux/11/../../../../include/c++/11/backward -internal-isystem /opt/intel/inteloneapi-basekit-hpckit-2024.1.001_PUBLIC/compiler/2024.x.0.20240410/lib/clang/19/include -internal-isystem /usr/local/include -internal-isystem /usr/lib64/gcc/x86_64-suse-linux/11/../../../../x86_64-suse-linux/include -internal-externc-isystem /include -internal-externc-isystem /usr/include -O2 -fdeprecated-macro -ferror-limit 19 -fheinous-gnu-extensions -fgnuc-version=4.2.1 -fskip-odr-check-in-gmf -fcxx-exceptions -fexceptions -vectorize-loops -vectorize-slp -mllvm -disable-hir-generate-mkl-call -mllvm -loopopt=1 -floopopt-pipeline=light -mllvm -intel-abi-compatible=true -D__GCC_HAVE_DWARF2_CFI_ASM=1 -fintel-compatibility -fintel-libirc-allowed -fintel-libimf-allowed -o CMakeFiles/cmTC_a0c65.dir/CMakeCXXCompilerABI.cpp.o -x c++ /usr/share/cmake/Modules/CMakeCXXCompilerABI.cpp
clang -cc1 version 19.0.0git based upon LLVM 19.0.0git default target x86_64-unknown-linux-gnu
ignoring nonexistent directory "/include"
#include "..." search starts here:
#include <...> search starts here:
 /usr/mpi/mpich-ofi-all-icc-default-pmix-gpu-drop20231026/include
 /opt/intel/inteloneapi-basekit-hpckit-2024.1.001_PUBLIC/ipp/2021.11/include
 /opt/intel/inteloneapi-basekit-hpckit-2024.1.001_PUBLIC/ippcp/2021.11/include
 /opt/intel/inteloneapi-basekit-hpckit-2024.1.001_PUBLIC/dpcpp-ct/20240410/include
 /opt/intel/inteloneapi-basekit-hpckit-2024.1.001_PUBLIC/dpl/2022.5/include
 /opt/intel/inteloneapi-basekit-hpckit-2024.1.001_PUBLIC/ccl/2021.12/include
 /opt/intel/inteloneapi-basekit-hpckit-2024.1.001_PUBLIC/dal/2024.2/include/dal
 /opt/intel/inteloneapi-basekit-hpckit-2024.1.001_PUBLIC/dnnl/2024.1/include
 /opt/intel/inteloneapi-basekit-hpckit-2024.1.001_PUBLIC/tbb/2021.12/include
 /opt/intel/inteloneapi-basekit-hpckit-2024.1.001_PUBLIC/mkl/20240414_cev_nightly/include
 /opt/intel/inteloneapi-basekit-hpckit-2024.1.001_PUBLIC/compiler/2024.x.0.20240410/include
 /opt/intel/inteloneapi-basekit-hpckit-2024.1.001_PUBLIC/compiler/2024.x.0.20240410/bin/compiler/../../opt/compiler/include
 /usr/lib64/gcc/x86_64-suse-linux/11/../../../../include/c++/11
 /usr/lib64/gcc/x86_64-suse-linux/11/../../../../include/c++/11/x86_64-suse-linux
 /usr/lib64/gcc/x86_64-suse-linux/11/../../../../include/c++/11/backward
 /opt/intel/inteloneapi-basekit-hpckit-2024.1.001_PUBLIC/compiler/2024.x.0.20240410/lib/clang/19/include
 /usr/local/include
 /usr/lib64/gcc/x86_64-suse-linux/11/../../../../x86_64-suse-linux/include
 /usr/include
End of search list.
Linking CXX executable cmTC_a0c65
/usr/bin/cmake -E cmake_link_script CMakeFiles/cmTC_a0c65.dir/link.txt --verbose=1
/opt/intel/inteloneapi-basekit-hpckit-2024.1.001_PUBLIC/compiler/2024.x.0.20240410/bin/icpx  -v CMakeFiles/cmTC_a0c65.dir/CMakeCXXCompilerABI.cpp.o -o cmTC_a0c65 
Intel(R) oneAPI DPC++/C++ Compiler 2024.2.0 (2024.x.0.20240410)
Target: x86_64-unknown-linux-gnu
Thread model: posix
InstalledDir: /opt/intel/inteloneapi-basekit-hpckit-2024.1.001_PUBLIC/compiler/2024.x.0.20240410/bin/compiler
Configuration file: /opt/intel/inteloneapi-basekit-hpckit-2024.1.001_PUBLIC/compiler/2024.x.0.20240410/bin/compiler/../icpx.cfg
Found candidate GCC installation: /usr/lib64/gcc/x86_64-suse-linux/11
Found candidate GCC installation: /usr/lib64/gcc/x86_64-suse-linux/7
Selected GCC installation: /usr/lib64/gcc/x86_64-suse-linux/11
Candidate multilib: .;@m64
Selected multilib: .;@m64
 "/usr/lib64/gcc/x86_64-suse-linux/11/../../../../x86_64-suse-linux/bin/ld" -z relro --hash-style=both --eh-frame-hdr -m elf_x86_64 -dynamic-linker /lib64/ld-linux-x86-64.so.2 -o cmTC_a0c65 /usr/lib64/gcc/x86_64-suse-linux/11/../../../../lib64/crt1.o /usr/lib64/gcc/x86_64-suse-linux/11/../../../../lib64/crti.o /usr/lib64/gcc/x86_64-suse-linux/11/crtbegin.o -L/opt/intel/inteloneapi-basekit-hpckit-2024.1.001_PUBLIC/compiler/2024.x.0.20240410/bin/compiler/../../lib -L/opt/intel/inteloneapi-basekit-hpckit-2024.1.001_PUBLIC/compiler/2024.x.0.20240410/bin/compiler/../../lib -L/opt/intel/inteloneapi-basekit-hpckit-2024.1.001_PUBLIC/compiler/2024.x.0.20240410/lib/clang/19/lib/x86_64-unknown-linux-gnu -L/opt/intel/inteloneapi-basekit-hpckit-2024.1.001_PUBLIC/compiler/2024.x.0.20240410/bin/compiler/../../lib -L/usr/lib64/gcc/x86_64-suse-linux/11 -L/usr/lib64/gcc/x86_64-suse-linux/11/../../../../lib64 -L/lib/../lib64 -L/usr/lib/../lib64 -L/usr/lib64/gcc/x86_64-suse-linux/11/../../../../x86_64-suse-linux/lib -L/usr/lib64/gcc/x86_64-suse-linux/11/../../.. -L/opt/intel/inteloneapi-basekit-hpckit-2024.1.001_PUBLIC/compiler/2024.x.0.20240410/bin/compiler/../../lib -L/opt/intel/inteloneapi-basekit-hpckit-2024.1.001_PUBLIC/compiler/2024.x.0.20240410/bin/compiler/../../opt/compiler/lib -L/lib -L/usr/lib -L/usr/mpi/mpich-ofi-all-icc-default-pmix-gpu-drop20231026/lib -L/opt/intel/inteloneapi-basekit-hpckit-2024.1.001_PUBLIC/ipp/2021.11/lib -L/opt/intel/inteloneapi-basekit-hpckit-2024.1.001_PUBLIC/ippcp/2021.11/lib -L/opt/intel/inteloneapi-basekit-hpckit-2024.1.001_PUBLIC/dpl/2022.5/lib -L/opt/intel/inteloneapi-basekit-hpckit-2024.1.001_PUBLIC/ccl/2021.12/lib -L/opt/intel/inteloneapi-basekit-hpckit-2024.1.001_PUBLIC/dal/2024.2/lib -L/opt/intel/inteloneapi-basekit-hpckit-2024.1.001_PUBLIC/dnnl/2024.1/lib -L/opt/intel/inteloneapi-basekit-hpckit-2024.1.001_PUBLIC/tbb/2021.12/lib/intel64/gcc4.8 -L/opt/intel/inteloneapi-basekit-hpckit-2024.1.001_PUBLIC/mkl/20240414_cev_nightly/lib -L/opt/intel/inteloneapi-basekit-hpckit-2024.1.001_PUBLIC/compiler/2024.x.0.20240410/lib CMakeFiles/cmTC_a0c65.dir/CMakeCXXCompilerABI.cpp.o -Bstatic -lsvml -Bdynamic -Bstatic -lirng -Bdynamic -lstdc++ -Bstatic -limf -Bdynamic -lm -lgcc_s -lgcc -Bstatic -lirc -Bdynamic -ldl -lgcc_s -lgcc -lc -lgcc_s -lgcc -Bstatic -lirc_s -Bdynamic /usr/lib64/gcc/x86_64-suse-linux/11/crtend.o /usr/lib64/gcc/x86_64-suse-linux/11/../../../../lib64/crtn.o
gmake[1]: Leaving directory '/home/majumder/bitsandbytes_kernel_samples/tests/sycl/CMakeFiles/CMakeTmp'



Parsed CXX implicit include dir info from above output: rv=done
  found start of include info
  found start of implicit include info
    add: [/usr/mpi/mpich-ofi-all-icc-default-pmix-gpu-drop20231026/include]
    add: [/opt/intel/inteloneapi-basekit-hpckit-2024.1.001_PUBLIC/ipp/2021.11/include]
    add: [/opt/intel/inteloneapi-basekit-hpckit-2024.1.001_PUBLIC/ippcp/2021.11/include]
    add: [/opt/intel/inteloneapi-basekit-hpckit-2024.1.001_PUBLIC/dpcpp-ct/20240410/include]
    add: [/opt/intel/inteloneapi-basekit-hpckit-2024.1.001_PUBLIC/dpl/2022.5/include]
    add: [/opt/intel/inteloneapi-basekit-hpckit-2024.1.001_PUBLIC/ccl/2021.12/include]
    add: [/opt/intel/inteloneapi-basekit-hpckit-2024.1.001_PUBLIC/dal/2024.2/include/dal]
    add: [/opt/intel/inteloneapi-basekit-hpckit-2024.1.001_PUBLIC/dnnl/2024.1/include]
    add: [/opt/intel/inteloneapi-basekit-hpckit-2024.1.001_PUBLIC/tbb/2021.12/include]
    add: [/opt/intel/inteloneapi-basekit-hpckit-2024.1.001_PUBLIC/mkl/20240414_cev_nightly/include]
    add: [/opt/intel/inteloneapi-basekit-hpckit-2024.1.001_PUBLIC/compiler/2024.x.0.20240410/include]
    add: [/opt/intel/inteloneapi-basekit-hpckit-2024.1.001_PUBLIC/compiler/2024.x.0.20240410/bin/compiler/../../opt/compiler/include]
    add: [/usr/lib64/gcc/x86_64-suse-linux/11/../../../../include/c++/11]
    add: [/usr/lib64/gcc/x86_64-suse-linux/11/../../../../include/c++/11/x86_64-suse-linux]
    add: [/usr/lib64/gcc/x86_64-suse-linux/11/../../../../include/c++/11/backward]
    add: [/opt/intel/inteloneapi-basekit-hpckit-2024.1.001_PUBLIC/compiler/2024.x.0.20240410/lib/clang/19/include]
    add: [/usr/local/include]
    add: [/usr/lib64/gcc/x86_64-suse-linux/11/../../../../x86_64-suse-linux/include]
    add: [/usr/include]
  end of search list found
  collapse include dir [/usr/mpi/mpich-ofi-all-icc-default-pmix-gpu-drop20231026/include] ==> [/usr/mpi/mpich-ofi-all-icc-default-pmix-gpu-drop20231026/include]
  collapse include dir [/opt/intel/inteloneapi-basekit-hpckit-2024.1.001_PUBLIC/ipp/2021.11/include] ==> [/opt/intel/inteloneapi-basekit-hpckit-2024.1.001_PUBLIC/ipp/2021.11/include]
  collapse include dir [/opt/intel/inteloneapi-basekit-hpckit-2024.1.001_PUBLIC/ippcp/2021.11/include] ==> [/opt/intel/inteloneapi-basekit-hpckit-2024.1.001_PUBLIC/ippcp/2021.11/include]
  collapse include dir [/opt/intel/inteloneapi-basekit-hpckit-2024.1.001_PUBLIC/dpcpp-ct/20240410/include] ==> [/opt/intel/inteloneapi-basekit-hpckit-2024.1.001_PUBLIC/dpcpp-ct/20240410/include]
  collapse include dir [/opt/intel/inteloneapi-basekit-hpckit-2024.1.001_PUBLIC/dpl/2022.5/include] ==> [/opt/intel/inteloneapi-basekit-hpckit-2024.1.001_PUBLIC/dpl/2022.5/include]
  collapse include dir [/opt/intel/inteloneapi-basekit-hpckit-2024.1.001_PUBLIC/ccl/2021.12/include] ==> [/opt/intel/inteloneapi-basekit-hpckit-2024.1.001_PUBLIC/ccl/2021.12/include]
  collapse include dir [/opt/intel/inteloneapi-basekit-hpckit-2024.1.001_PUBLIC/dal/2024.2/include/dal] ==> [/opt/intel/inteloneapi-basekit-hpckit-2024.1.001_PUBLIC/dal/2024.2/include/dal]
  collapse include dir [/opt/intel/inteloneapi-basekit-hpckit-2024.1.001_PUBLIC/dnnl/2024.1/include] ==> [/opt/intel/inteloneapi-basekit-hpckit-2024.1.001_PUBLIC/dnnl/2024.1/include]
  collapse include dir [/opt/intel/inteloneapi-basekit-hpckit-2024.1.001_PUBLIC/tbb/2021.12/include] ==> [/opt/intel/inteloneapi-basekit-hpckit-2024.1.001_PUBLIC/tbb/2021.12/include]
  collapse include dir [/opt/intel/inteloneapi-basekit-hpckit-2024.1.001_PUBLIC/mkl/20240414_cev_nightly/include] ==> [/opt/intel/inteloneapi-basekit-hpckit-2024.1.001_PUBLIC/mkl/20240414_cev_nightly/include]
  collapse include dir [/opt/intel/inteloneapi-basekit-hpckit-2024.1.001_PUBLIC/compiler/2024.x.0.20240410/include] ==> [/opt/intel/inteloneapi-basekit-hpckit-2024.1.001_PUBLIC/compiler/2024.x.0.20240410/include]
  collapse include dir [/opt/intel/inteloneapi-basekit-hpckit-2024.1.001_PUBLIC/compiler/2024.x.0.20240410/bin/compiler/../../opt/compiler/include] ==> [/opt/intel/inteloneapi-basekit-hpckit-2024.1.001_PUBLIC/compiler/2024.x.0.20240410/opt/compiler/include]
  collapse include dir [/usr/lib64/gcc/x86_64-suse-linux/11/../../../../include/c++/11] ==> [/usr/include/c++/11]
  collapse include dir [/usr/lib64/gcc/x86_64-suse-linux/11/../../../../include/c++/11/x86_64-suse-linux] ==> [/usr/include/c++/11/x86_64-suse-linux]
  collapse include dir [/usr/lib64/gcc/x86_64-suse-linux/11/../../../../include/c++/11/backward] ==> [/usr/include/c++/11/backward]
  collapse include dir [/opt/intel/inteloneapi-basekit-hpckit-2024.1.001_PUBLIC/compiler/2024.x.0.20240410/lib/clang/19/include] ==> [/opt/intel/inteloneapi-basekit-hpckit-2024.1.001_PUBLIC/compiler/2024.x.0.20240410/lib/clang/19/include]
  collapse include dir [/usr/local/include] ==> [/usr/local/include]
  collapse include dir [/usr/lib64/gcc/x86_64-suse-linux/11/../../../../x86_64-suse-linux/include] ==> [/usr/x86_64-suse-linux/include]
  collapse include dir [/usr/include] ==> [/usr/include]
  implicit include dirs: [/usr/mpi/mpich-ofi-all-icc-default-pmix-gpu-drop20231026/include;/opt/intel/inteloneapi-basekit-hpckit-2024.1.001_PUBLIC/ipp/2021.11/include;/opt/intel/inteloneapi-basekit-hpckit-2024.1.001_PUBLIC/ippcp/2021.11/include;/opt/intel/inteloneapi-basekit-hpckit-2024.1.001_PUBLIC/dpcpp-ct/20240410/include;/opt/intel/inteloneapi-basekit-hpckit-2024.1.001_PUBLIC/dpl/2022.5/include;/opt/intel/inteloneapi-basekit-hpckit-2024.1.001_PUBLIC/ccl/2021.12/include;/opt/intel/inteloneapi-basekit-hpckit-2024.1.001_PUBLIC/dal/2024.2/include/dal;/opt/intel/inteloneapi-basekit-hpckit-2024.1.001_PUBLIC/dnnl/2024.1/include;/opt/intel/inteloneapi-basekit-hpckit-2024.1.001_PUBLIC/tbb/2021.12/include;/opt/intel/inteloneapi-basekit-hpckit-2024.1.001_PUBLIC/mkl/20240414_cev_nightly/include;/opt/intel/inteloneapi-basekit-hpckit-2024.1.001_PUBLIC/compiler/2024.x.0.20240410/include;/opt/intel/inteloneapi-basekit-hpckit-2024.1.001_PUBLIC/compiler/2024.x.0.20240410/opt/compiler/include;/usr/include/c++/11;/usr/include/c++/11/x86_64-suse-linux;/usr/include/c++/11/backward;/opt/intel/inteloneapi-basekit-hpckit-2024.1.001_PUBLIC/compiler/2024.x.0.20240410/lib/clang/19/include;/usr/local/include;/usr/x86_64-suse-linux/include;/usr/include]


Parsed CXX implicit link information from above output:
  link line regex: [^( *|.*[/\])(ld|CMAKE_LINK_STARTFILE-NOTFOUND|([^/\]+-)?ld|collect2)[^/\]*( |$)]
  ignore line: [Change Dir: /home/majumder/bitsandbytes_kernel_samples/tests/sycl/CMakeFiles/CMakeTmp]
  ignore line: []
  ignore line: [Run Build Command(s):/usr/bin/gmake -f Makefile cmTC_a0c65/fast && /usr/bin/gmake  -f CMakeFiles/cmTC_a0c65.dir/build.make CMakeFiles/cmTC_a0c65.dir/build]
  ignore line: [gmake[1]: Entering directory '/home/majumder/bitsandbytes_kernel_samples/tests/sycl/CMakeFiles/CMakeTmp']
  ignore line: [Building CXX object CMakeFiles/cmTC_a0c65.dir/CMakeCXXCompilerABI.cpp.o]
  ignore line: [/opt/intel/inteloneapi-basekit-hpckit-2024.1.001_PUBLIC/compiler/2024.x.0.20240410/bin/icpx   -v -MD -MT CMakeFiles/cmTC_a0c65.dir/CMakeCXXCompilerABI.cpp.o -MF CMakeFiles/cmTC_a0c65.dir/CMakeCXXCompilerABI.cpp.o.d -o CMakeFiles/cmTC_a0c65.dir/CMakeCXXCompilerABI.cpp.o -c /usr/share/cmake/Modules/CMakeCXXCompilerABI.cpp]
  ignore line: [Intel(R) oneAPI DPC++/C++ Compiler 2024.2.0 (2024.x.0.20240410)]
  ignore line: [Target: x86_64-unknown-linux-gnu]
  ignore line: [Thread model: posix]
  ignore line: [InstalledDir: /opt/intel/inteloneapi-basekit-hpckit-2024.1.001_PUBLIC/compiler/2024.x.0.20240410/bin/compiler]
  ignore line: [Configuration file: /opt/intel/inteloneapi-basekit-hpckit-2024.1.001_PUBLIC/compiler/2024.x.0.20240410/bin/compiler/../icpx.cfg]
  ignore line: [Found candidate GCC installation: /usr/lib64/gcc/x86_64-suse-linux/11]
  ignore line: [Found candidate GCC installation: /usr/lib64/gcc/x86_64-suse-linux/7]
  ignore line: [Selected GCC installation: /usr/lib64/gcc/x86_64-suse-linux/11]
  ignore line: [Candidate multilib: .]
  ignore line: [@m64]
  ignore line: [Selected multilib: .]
  ignore line: [@m64]
  ignore line: [ (in-process)]
  ignore line: [ "/opt/intel/inteloneapi-basekit-hpckit-2024.1.001_PUBLIC/compiler/2024.x.0.20240410/bin/compiler/clang++" -cc1 -triple x86_64-unknown-linux-gnu -emit-obj -disable-free -clear-ast-before-backend -disable-llvm-verifier -discard-value-names -main-file-name CMakeCXXCompilerABI.cpp -mrelocation-model static -fveclib=SVML -faltmathlib=SVMLAltMathLibrary -mframe-pointer=none -fapprox-func -funsafe-math-optimizations -fno-signed-zeros -mreassociate -freciprocal-math -fdenormal-fp-math=preserve-sign preserve-sign -ffp-contract=fast -fno-rounding-math -complex-range=promoted -mconstructor-aliases -funwind-tables=2 -target-cpu x86-64 -mllvm -x86-enable-unaligned-vector-move=true -tune-cpu generic -debugger-tuning=gdb -fdebug-compilation-dir=/home/majumder/bitsandbytes_kernel_samples/tests/sycl/CMakeFiles/CMakeTmp -v -fcoverage-compilation-dir=/home/majumder/bitsandbytes_kernel_samples/tests/sycl/CMakeFiles/CMakeTmp -fclang-abi-compat=17 -resource-dir /opt/intel/inteloneapi-basekit-hpckit-2024.1.001_PUBLIC/compiler/2024.x.0.20240410/lib/clang/19 -dependency-file CMakeFiles/cmTC_a0c65.dir/CMakeCXXCompilerABI.cpp.o.d -MT CMakeFiles/cmTC_a0c65.dir/CMakeCXXCompilerABI.cpp.o -sys-header-deps -I/usr/mpi/mpich-ofi-all-icc-default-pmix-gpu-drop20231026/include -I/opt/intel/inteloneapi-basekit-hpckit-2024.1.001_PUBLIC/ipp/2021.11/include -I/opt/intel/inteloneapi-basekit-hpckit-2024.1.001_PUBLIC/ippcp/2021.11/include -I/opt/intel/inteloneapi-basekit-hpckit-2024.1.001_PUBLIC/dpcpp-ct/20240410/include -I/opt/intel/inteloneapi-basekit-hpckit-2024.1.001_PUBLIC/dpl/2022.5/include -I/opt/intel/inteloneapi-basekit-hpckit-2024.1.001_PUBLIC/ccl/2021.12/include -I/opt/intel/inteloneapi-basekit-hpckit-2024.1.001_PUBLIC/dal/2024.2/include/dal -I/opt/intel/inteloneapi-basekit-hpckit-2024.1.001_PUBLIC/dnnl/2024.1/include -I/opt/intel/inteloneapi-basekit-hpckit-2024.1.001_PUBLIC/tbb/2021.12/include -I/opt/intel/inteloneapi-basekit-hpckit-2024.1.001_PUBLIC/mkl/20240414_cev_nightly/include -I/opt/intel/inteloneapi-basekit-hpckit-2024.1.001_PUBLIC/compiler/2024.x.0.20240410/include -internal-isystem /opt/intel/inteloneapi-basekit-hpckit-2024.1.001_PUBLIC/compiler/2024.x.0.20240410/bin/compiler/../../opt/compiler/include -internal-isystem /usr/lib64/gcc/x86_64-suse-linux/11/../../../../include/c++/11 -internal-isystem /usr/lib64/gcc/x86_64-suse-linux/11/../../../../include/c++/11/x86_64-suse-linux -internal-isystem /usr/lib64/gcc/x86_64-suse-linux/11/../../../../include/c++/11/backward -internal-isystem /opt/intel/inteloneapi-basekit-hpckit-2024.1.001_PUBLIC/compiler/2024.x.0.20240410/lib/clang/19/include -internal-isystem /usr/local/include -internal-isystem /usr/lib64/gcc/x86_64-suse-linux/11/../../../../x86_64-suse-linux/include -internal-externc-isystem /include -internal-externc-isystem /usr/include -O2 -fdeprecated-macro -ferror-limit 19 -fheinous-gnu-extensions -fgnuc-version=4.2.1 -fskip-odr-check-in-gmf -fcxx-exceptions -fexceptions -vectorize-loops -vectorize-slp -mllvm -disable-hir-generate-mkl-call -mllvm -loopopt=1 -floopopt-pipeline=light -mllvm -intel-abi-compatible=true -D__GCC_HAVE_DWARF2_CFI_ASM=1 -fintel-compatibility -fintel-libirc-allowed -fintel-libimf-allowed -o CMakeFiles/cmTC_a0c65.dir/CMakeCXXCompilerABI.cpp.o -x c++ /usr/share/cmake/Modules/CMakeCXXCompilerABI.cpp]
  ignore line: [clang -cc1 version 19.0.0git based upon LLVM 19.0.0git default target x86_64-unknown-linux-gnu]
  ignore line: [ignoring nonexistent directory "/include"]
  ignore line: [#include "..." search starts here:]
  ignore line: [#include <...> search starts here:]
  ignore line: [ /usr/mpi/mpich-ofi-all-icc-default-pmix-gpu-drop20231026/include]
  ignore line: [ /opt/intel/inteloneapi-basekit-hpckit-2024.1.001_PUBLIC/ipp/2021.11/include]
  ignore line: [ /opt/intel/inteloneapi-basekit-hpckit-2024.1.001_PUBLIC/ippcp/2021.11/include]
  ignore line: [ /opt/intel/inteloneapi-basekit-hpckit-2024.1.001_PUBLIC/dpcpp-ct/20240410/include]
  ignore line: [ /opt/intel/inteloneapi-basekit-hpckit-2024.1.001_PUBLIC/dpl/2022.5/include]
  ignore line: [ /opt/intel/inteloneapi-basekit-hpckit-2024.1.001_PUBLIC/ccl/2021.12/include]
  ignore line: [ /opt/intel/inteloneapi-basekit-hpckit-2024.1.001_PUBLIC/dal/2024.2/include/dal]
  ignore line: [ /opt/intel/inteloneapi-basekit-hpckit-2024.1.001_PUBLIC/dnnl/2024.1/include]
  ignore line: [ /opt/intel/inteloneapi-basekit-hpckit-2024.1.001_PUBLIC/tbb/2021.12/include]
  ignore line: [ /opt/intel/inteloneapi-basekit-hpckit-2024.1.001_PUBLIC/mkl/20240414_cev_nightly/include]
  ignore line: [ /opt/intel/inteloneapi-basekit-hpckit-2024.1.001_PUBLIC/compiler/2024.x.0.20240410/include]
  ignore line: [ /opt/intel/inteloneapi-basekit-hpckit-2024.1.001_PUBLIC/compiler/2024.x.0.20240410/bin/compiler/../../opt/compiler/include]
  ignore line: [ /usr/lib64/gcc/x86_64-suse-linux/11/../../../../include/c++/11]
  ignore line: [ /usr/lib64/gcc/x86_64-suse-linux/11/../../../../include/c++/11/x86_64-suse-linux]
  ignore line: [ /usr/lib64/gcc/x86_64-suse-linux/11/../../../../include/c++/11/backward]
  ignore line: [ /opt/intel/inteloneapi-basekit-hpckit-2024.1.001_PUBLIC/compiler/2024.x.0.20240410/lib/clang/19/include]
  ignore line: [ /usr/local/include]
  ignore line: [ /usr/lib64/gcc/x86_64-suse-linux/11/../../../../x86_64-suse-linux/include]
  ignore line: [ /usr/include]
  ignore line: [End of search list.]
  ignore line: [Linking CXX executable cmTC_a0c65]
  ignore line: [/usr/bin/cmake -E cmake_link_script CMakeFiles/cmTC_a0c65.dir/link.txt --verbose=1]
  ignore line: [/opt/intel/inteloneapi-basekit-hpckit-2024.1.001_PUBLIC/compiler/2024.x.0.20240410/bin/icpx  -v CMakeFiles/cmTC_a0c65.dir/CMakeCXXCompilerABI.cpp.o -o cmTC_a0c65 ]
  ignore line: [Intel(R) oneAPI DPC++/C++ Compiler 2024.2.0 (2024.x.0.20240410)]
  ignore line: [Target: x86_64-unknown-linux-gnu]
  ignore line: [Thread model: posix]
  ignore line: [InstalledDir: /opt/intel/inteloneapi-basekit-hpckit-2024.1.001_PUBLIC/compiler/2024.x.0.20240410/bin/compiler]
  ignore line: [Configuration file: /opt/intel/inteloneapi-basekit-hpckit-2024.1.001_PUBLIC/compiler/2024.x.0.20240410/bin/compiler/../icpx.cfg]
  ignore line: [Found candidate GCC installation: /usr/lib64/gcc/x86_64-suse-linux/11]
  ignore line: [Found candidate GCC installation: /usr/lib64/gcc/x86_64-suse-linux/7]
  ignore line: [Selected GCC installation: /usr/lib64/gcc/x86_64-suse-linux/11]
  ignore line: [Candidate multilib: .]
  ignore line: [@m64]
  ignore line: [Selected multilib: .]
  ignore line: [@m64]
  link line: [ "/usr/lib64/gcc/x86_64-suse-linux/11/../../../../x86_64-suse-linux/bin/ld" -z relro --hash-style=both --eh-frame-hdr -m elf_x86_64 -dynamic-linker /lib64/ld-linux-x86-64.so.2 -o cmTC_a0c65 /usr/lib64/gcc/x86_64-suse-linux/11/../../../../lib64/crt1.o /usr/lib64/gcc/x86_64-suse-linux/11/../../../../lib64/crti.o /usr/lib64/gcc/x86_64-suse-linux/11/crtbegin.o -L/opt/intel/inteloneapi-basekit-hpckit-2024.1.001_PUBLIC/compiler/2024.x.0.20240410/bin/compiler/../../lib -L/opt/intel/inteloneapi-basekit-hpckit-2024.1.001_PUBLIC/compiler/2024.x.0.20240410/bin/compiler/../../lib -L/opt/intel/inteloneapi-basekit-hpckit-2024.1.001_PUBLIC/compiler/2024.x.0.20240410/lib/clang/19/lib/x86_64-unknown-linux-gnu -L/opt/intel/inteloneapi-basekit-hpckit-2024.1.001_PUBLIC/compiler/2024.x.0.20240410/bin/compiler/../../lib -L/usr/lib64/gcc/x86_64-suse-linux/11 -L/usr/lib64/gcc/x86_64-suse-linux/11/../../../../lib64 -L/lib/../lib64 -L/usr/lib/../lib64 -L/usr/lib64/gcc/x86_64-suse-linux/11/../../../../x86_64-suse-linux/lib -L/usr/lib64/gcc/x86_64-suse-linux/11/../../.. -L/opt/intel/inteloneapi-basekit-hpckit-2024.1.001_PUBLIC/compiler/2024.x.0.20240410/bin/compiler/../../lib -L/opt/intel/inteloneapi-basekit-hpckit-2024.1.001_PUBLIC/compiler/2024.x.0.20240410/bin/compiler/../../opt/compiler/lib -L/lib -L/usr/lib -L/usr/mpi/mpich-ofi-all-icc-default-pmix-gpu-drop20231026/lib -L/opt/intel/inteloneapi-basekit-hpckit-2024.1.001_PUBLIC/ipp/2021.11/lib -L/opt/intel/inteloneapi-basekit-hpckit-2024.1.001_PUBLIC/ippcp/2021.11/lib -L/opt/intel/inteloneapi-basekit-hpckit-2024.1.001_PUBLIC/dpl/2022.5/lib -L/opt/intel/inteloneapi-basekit-hpckit-2024.1.001_PUBLIC/ccl/2021.12/lib -L/opt/intel/inteloneapi-basekit-hpckit-2024.1.001_PUBLIC/dal/2024.2/lib -L/opt/intel/inteloneapi-basekit-hpckit-2024.1.001_PUBLIC/dnnl/2024.1/lib -L/opt/intel/inteloneapi-basekit-hpckit-2024.1.001_PUBLIC/tbb/2021.12/lib/intel64/gcc4.8 -L/opt/intel/inteloneapi-basekit-hpckit-2024.1.001_PUBLIC/mkl/20240414_cev_nightly/lib -L/opt/intel/inteloneapi-basekit-hpckit-2024.1.001_PUBLIC/compiler/2024.x.0.20240410/lib CMakeFiles/cmTC_a0c65.dir/CMakeCXXCompilerABI.cpp.o -Bstatic -lsvml -Bdynamic -Bstatic -lirng -Bdynamic -lstdc++ -Bstatic -limf -Bdynamic -lm -lgcc_s -lgcc -Bstatic -lirc -Bdynamic -ldl -lgcc_s -lgcc -lc -lgcc_s -lgcc -Bstatic -lirc_s -Bdynamic /usr/lib64/gcc/x86_64-suse-linux/11/crtend.o /usr/lib64/gcc/x86_64-suse-linux/11/../../../../lib64/crtn.o]
    arg [/usr/lib64/gcc/x86_64-suse-linux/11/../../../../x86_64-suse-linux/bin/ld] ==> ignore
    arg [-zrelro] ==> ignore
    arg [--hash-style=both] ==> ignore
    arg [--eh-frame-hdr] ==> ignore
    arg [-m] ==> ignore
    arg [elf_x86_64] ==> ignore
    arg [-dynamic-linker] ==> ignore
    arg [/lib64/ld-linux-x86-64.so.2] ==> ignore
    arg [-o] ==> ignore
    arg [cmTC_a0c65] ==> ignore
    arg [/usr/lib64/gcc/x86_64-suse-linux/11/../../../../lib64/crt1.o] ==> obj [/usr/lib64/gcc/x86_64-suse-linux/11/../../../../lib64/crt1.o]
    arg [/usr/lib64/gcc/x86_64-suse-linux/11/../../../../lib64/crti.o] ==> obj [/usr/lib64/gcc/x86_64-suse-linux/11/../../../../lib64/crti.o]
    arg [/usr/lib64/gcc/x86_64-suse-linux/11/crtbegin.o] ==> obj [/usr/lib64/gcc/x86_64-suse-linux/11/crtbegin.o]
    arg [-L/opt/intel/inteloneapi-basekit-hpckit-2024.1.001_PUBLIC/compiler/2024.x.0.20240410/bin/compiler/../../lib] ==> dir [/opt/intel/inteloneapi-basekit-hpckit-2024.1.001_PUBLIC/compiler/2024.x.0.20240410/bin/compiler/../../lib]
    arg [-L/opt/intel/inteloneapi-basekit-hpckit-2024.1.001_PUBLIC/compiler/2024.x.0.20240410/bin/compiler/../../lib] ==> dir [/opt/intel/inteloneapi-basekit-hpckit-2024.1.001_PUBLIC/compiler/2024.x.0.20240410/bin/compiler/../../lib]
    arg [-L/opt/intel/inteloneapi-basekit-hpckit-2024.1.001_PUBLIC/compiler/2024.x.0.20240410/lib/clang/19/lib/x86_64-unknown-linux-gnu] ==> dir [/opt/intel/inteloneapi-basekit-hpckit-2024.1.001_PUBLIC/compiler/2024.x.0.20240410/lib/clang/19/lib/x86_64-unknown-linux-gnu]
    arg [-L/opt/intel/inteloneapi-basekit-hpckit-2024.1.001_PUBLIC/compiler/2024.x.0.20240410/bin/compiler/../../lib] ==> dir [/opt/intel/inteloneapi-basekit-hpckit-2024.1.001_PUBLIC/compiler/2024.x.0.20240410/bin/compiler/../../lib]
    arg [-L/usr/lib64/gcc/x86_64-suse-linux/11] ==> dir [/usr/lib64/gcc/x86_64-suse-linux/11]
    arg [-L/usr/lib64/gcc/x86_64-suse-linux/11/../../../../lib64] ==> dir [/usr/lib64/gcc/x86_64-suse-linux/11/../../../../lib64]
    arg [-L/lib/../lib64] ==> dir [/lib/../lib64]
    arg [-L/usr/lib/../lib64] ==> dir [/usr/lib/../lib64]
    arg [-L/usr/lib64/gcc/x86_64-suse-linux/11/../../../../x86_64-suse-linux/lib] ==> dir [/usr/lib64/gcc/x86_64-suse-linux/11/../../../../x86_64-suse-linux/lib]
    arg [-L/usr/lib64/gcc/x86_64-suse-linux/11/../../..] ==> dir [/usr/lib64/gcc/x86_64-suse-linux/11/../../..]
    arg [-L/opt/intel/inteloneapi-basekit-hpckit-2024.1.001_PUBLIC/compiler/2024.x.0.20240410/bin/compiler/../../lib] ==> dir [/opt/intel/inteloneapi-basekit-hpckit-2024.1.001_PUBLIC/compiler/2024.x.0.20240410/bin/compiler/../../lib]
    arg [-L/opt/intel/inteloneapi-basekit-hpckit-2024.1.001_PUBLIC/compiler/2024.x.0.20240410/bin/compiler/../../opt/compiler/lib] ==> dir [/opt/intel/inteloneapi-basekit-hpckit-2024.1.001_PUBLIC/compiler/2024.x.0.20240410/bin/compiler/../../opt/compiler/lib]
    arg [-L/lib] ==> dir [/lib]
    arg [-L/usr/lib] ==> dir [/usr/lib]
    arg [-L/usr/mpi/mpich-ofi-all-icc-default-pmix-gpu-drop20231026/lib] ==> dir [/usr/mpi/mpich-ofi-all-icc-default-pmix-gpu-drop20231026/lib]
    arg [-L/opt/intel/inteloneapi-basekit-hpckit-2024.1.001_PUBLIC/ipp/2021.11/lib] ==> dir [/opt/intel/inteloneapi-basekit-hpckit-2024.1.001_PUBLIC/ipp/2021.11/lib]
    arg [-L/opt/intel/inteloneapi-basekit-hpckit-2024.1.001_PUBLIC/ippcp/2021.11/lib] ==> dir [/opt/intel/inteloneapi-basekit-hpckit-2024.1.001_PUBLIC/ippcp/2021.11/lib]
    arg [-L/opt/intel/inteloneapi-basekit-hpckit-2024.1.001_PUBLIC/dpl/2022.5/lib] ==> dir [/opt/intel/inteloneapi-basekit-hpckit-2024.1.001_PUBLIC/dpl/2022.5/lib]
    arg [-L/opt/intel/inteloneapi-basekit-hpckit-2024.1.001_PUBLIC/ccl/2021.12/lib] ==> dir [/opt/intel/inteloneapi-basekit-hpckit-2024.1.001_PUBLIC/ccl/2021.12/lib]
    arg [-L/opt/intel/inteloneapi-basekit-hpckit-2024.1.001_PUBLIC/dal/2024.2/lib] ==> dir [/opt/intel/inteloneapi-basekit-hpckit-2024.1.001_PUBLIC/dal/2024.2/lib]
    arg [-L/opt/intel/inteloneapi-basekit-hpckit-2024.1.001_PUBLIC/dnnl/2024.1/lib] ==> dir [/opt/intel/inteloneapi-basekit-hpckit-2024.1.001_PUBLIC/dnnl/2024.1/lib]
    arg [-L/opt/intel/inteloneapi-basekit-hpckit-2024.1.001_PUBLIC/tbb/2021.12/lib/intel64/gcc4.8] ==> dir [/opt/intel/inteloneapi-basekit-hpckit-2024.1.001_PUBLIC/tbb/2021.12/lib/intel64/gcc4.8]
    arg [-L/opt/intel/inteloneapi-basekit-hpckit-2024.1.001_PUBLIC/mkl/20240414_cev_nightly/lib] ==> dir [/opt/intel/inteloneapi-basekit-hpckit-2024.1.001_PUBLIC/mkl/20240414_cev_nightly/lib]
    arg [-L/opt/intel/inteloneapi-basekit-hpckit-2024.1.001_PUBLIC/compiler/2024.x.0.20240410/lib] ==> dir [/opt/intel/inteloneapi-basekit-hpckit-2024.1.001_PUBLIC/compiler/2024.x.0.20240410/lib]
    arg [CMakeFiles/cmTC_a0c65.dir/CMakeCXXCompilerABI.cpp.o] ==> ignore
    arg [-Bstatic] ==> ignore
    arg [-lsvml] ==> lib [svml]
    arg [-Bdynamic] ==> ignore
    arg [-Bstatic] ==> ignore
    arg [-lirng] ==> lib [irng]
    arg [-Bdynamic] ==> ignore
    arg [-lstdc++] ==> lib [stdc++]
    arg [-Bstatic] ==> ignore
    arg [-limf] ==> lib [imf]
    arg [-Bdynamic] ==> ignore
    arg [-lm] ==> lib [m]
    arg [-lgcc_s] ==> lib [gcc_s]
    arg [-lgcc] ==> lib [gcc]
    arg [-Bstatic] ==> ignore
    arg [-lirc] ==> lib [irc]
    arg [-Bdynamic] ==> ignore
    arg [-ldl] ==> lib [dl]
    arg [-lgcc_s] ==> lib [gcc_s]
    arg [-lgcc] ==> lib [gcc]
    arg [-lc] ==> lib [c]
    arg [-lgcc_s] ==> lib [gcc_s]
    arg [-lgcc] ==> lib [gcc]
    arg [-Bstatic] ==> ignore
    arg [-lirc_s] ==> lib [irc_s]
    arg [-Bdynamic] ==> ignore
    arg [/usr/lib64/gcc/x86_64-suse-linux/11/crtend.o] ==> obj [/usr/lib64/gcc/x86_64-suse-linux/11/crtend.o]
    arg [/usr/lib64/gcc/x86_64-suse-linux/11/../../../../lib64/crtn.o] ==> obj [/usr/lib64/gcc/x86_64-suse-linux/11/../../../../lib64/crtn.o]
  collapse obj [/usr/lib64/gcc/x86_64-suse-linux/11/../../../../lib64/crt1.o] ==> [/usr/lib64/crt1.o]
  collapse obj [/usr/lib64/gcc/x86_64-suse-linux/11/../../../../lib64/crti.o] ==> [/usr/lib64/crti.o]
  collapse obj [/usr/lib64/gcc/x86_64-suse-linux/11/../../../../lib64/crtn.o] ==> [/usr/lib64/crtn.o]
  collapse library dir [/opt/intel/inteloneapi-basekit-hpckit-2024.1.001_PUBLIC/compiler/2024.x.0.20240410/bin/compiler/../../lib] ==> [/opt/intel/inteloneapi-basekit-hpckit-2024.1.001_PUBLIC/compiler/2024.x.0.20240410/lib]
  collapse library dir [/opt/intel/inteloneapi-basekit-hpckit-2024.1.001_PUBLIC/compiler/2024.x.0.20240410/bin/compiler/../../lib] ==> [/opt/intel/inteloneapi-basekit-hpckit-2024.1.001_PUBLIC/compiler/2024.x.0.20240410/lib]
  collapse library dir [/opt/intel/inteloneapi-basekit-hpckit-2024.1.001_PUBLIC/compiler/2024.x.0.20240410/lib/clang/19/lib/x86_64-unknown-linux-gnu] ==> [/opt/intel/inteloneapi-basekit-hpckit-2024.1.001_PUBLIC/compiler/2024.x.0.20240410/lib/clang/19/lib/x86_64-unknown-linux-gnu]
  collapse library dir [/opt/intel/inteloneapi-basekit-hpckit-2024.1.001_PUBLIC/compiler/2024.x.0.20240410/bin/compiler/../../lib] ==> [/opt/intel/inteloneapi-basekit-hpckit-2024.1.001_PUBLIC/compiler/2024.x.0.20240410/lib]
  collapse library dir [/usr/lib64/gcc/x86_64-suse-linux/11] ==> [/usr/lib64/gcc/x86_64-suse-linux/11]
  collapse library dir [/usr/lib64/gcc/x86_64-suse-linux/11/../../../../lib64] ==> [/usr/lib64]
  collapse library dir [/lib/../lib64] ==> [/lib64]
  collapse library dir [/usr/lib/../lib64] ==> [/usr/lib64]
  collapse library dir [/usr/lib64/gcc/x86_64-suse-linux/11/../../../../x86_64-suse-linux/lib] ==> [/usr/x86_64-suse-linux/lib]
  collapse library dir [/usr/lib64/gcc/x86_64-suse-linux/11/../../..] ==> [/usr/lib64]
  collapse library dir [/opt/intel/inteloneapi-basekit-hpckit-2024.1.001_PUBLIC/compiler/2024.x.0.20240410/bin/compiler/../../lib] ==> [/opt/intel/inteloneapi-basekit-hpckit-2024.1.001_PUBLIC/compiler/2024.x.0.20240410/lib]
  collapse library dir [/opt/intel/inteloneapi-basekit-hpckit-2024.1.001_PUBLIC/compiler/2024.x.0.20240410/bin/compiler/../../opt/compiler/lib] ==> [/opt/intel/inteloneapi-basekit-hpckit-2024.1.001_PUBLIC/compiler/2024.x.0.20240410/opt/compiler/lib]
  collapse library dir [/lib] ==> [/lib]
  collapse library dir [/usr/lib] ==> [/usr/lib]
  collapse library dir [/usr/mpi/mpich-ofi-all-icc-default-pmix-gpu-drop20231026/lib] ==> [/usr/mpi/mpich-ofi-all-icc-default-pmix-gpu-drop20231026/lib]
  collapse library dir [/opt/intel/inteloneapi-basekit-hpckit-2024.1.001_PUBLIC/ipp/2021.11/lib] ==> [/opt/intel/inteloneapi-basekit-hpckit-2024.1.001_PUBLIC/ipp/2021.11/lib]
  collapse library dir [/opt/intel/inteloneapi-basekit-hpckit-2024.1.001_PUBLIC/ippcp/2021.11/lib] ==> [/opt/intel/inteloneapi-basekit-hpckit-2024.1.001_PUBLIC/ippcp/2021.11/lib]
  collapse library dir [/opt/intel/inteloneapi-basekit-hpckit-2024.1.001_PUBLIC/dpl/2022.5/lib] ==> [/opt/intel/inteloneapi-basekit-hpckit-2024.1.001_PUBLIC/dpl/2022.5/lib]
  collapse library dir [/opt/intel/inteloneapi-basekit-hpckit-2024.1.001_PUBLIC/ccl/2021.12/lib] ==> [/opt/intel/inteloneapi-basekit-hpckit-2024.1.001_PUBLIC/ccl/2021.12/lib]
  collapse library dir [/opt/intel/inteloneapi-basekit-hpckit-2024.1.001_PUBLIC/dal/2024.2/lib] ==> [/opt/intel/inteloneapi-basekit-hpckit-2024.1.001_PUBLIC/dal/2024.2/lib]
  collapse library dir [/opt/intel/inteloneapi-basekit-hpckit-2024.1.001_PUBLIC/dnnl/2024.1/lib] ==> [/opt/intel/inteloneapi-basekit-hpckit-2024.1.001_PUBLIC/dnnl/2024.1/lib]
  collapse library dir [/opt/intel/inteloneapi-basekit-hpckit-2024.1.001_PUBLIC/tbb/2021.12/lib/intel64/gcc4.8] ==> [/opt/intel/inteloneapi-basekit-hpckit-2024.1.001_PUBLIC/tbb/2021.12/lib/intel64/gcc4.8]
  collapse library dir [/opt/intel/inteloneapi-basekit-hpckit-2024.1.001_PUBLIC/mkl/20240414_cev_nightly/lib] ==> [/opt/intel/inteloneapi-basekit-hpckit-2024.1.001_PUBLIC/mkl/20240414_cev_nightly/lib]
  collapse library dir [/opt/intel/inteloneapi-basekit-hpckit-2024.1.001_PUBLIC/compiler/2024.x.0.20240410/lib] ==> [/opt/intel/inteloneapi-basekit-hpckit-2024.1.001_PUBLIC/compiler/2024.x.0.20240410/lib]
  implicit libs: [svml;irng;stdc++;imf;m;gcc_s;gcc;irc;dl;gcc_s;gcc;c;gcc_s;gcc;irc_s]
  implicit objs: [/usr/lib64/crt1.o;/usr/lib64/crti.o;/usr/lib64/gcc/x86_64-suse-linux/11/crtbegin.o;/usr/lib64/gcc/x86_64-suse-linux/11/crtend.o;/usr/lib64/crtn.o]
  implicit dirs: [/opt/intel/inteloneapi-basekit-hpckit-2024.1.001_PUBLIC/compiler/2024.x.0.20240410/lib;/opt/intel/inteloneapi-basekit-hpckit-2024.1.001_PUBLIC/compiler/2024.x.0.20240410/lib/clang/19/lib/x86_64-unknown-linux-gnu;/usr/lib64/gcc/x86_64-suse-linux/11;/usr/lib64;/lib64;/usr/x86_64-suse-linux/lib;/opt/intel/inteloneapi-basekit-hpckit-2024.1.001_PUBLIC/compiler/2024.x.0.20240410/opt/compiler/lib;/lib;/usr/lib;/usr/mpi/mpich-ofi-all-icc-default-pmix-gpu-drop20231026/lib;/opt/intel/inteloneapi-basekit-hpckit-2024.1.001_PUBLIC/ipp/2021.11/lib;/opt/intel/inteloneapi-basekit-hpckit-2024.1.001_PUBLIC/ippcp/2021.11/lib;/opt/intel/inteloneapi-basekit-hpckit-2024.1.001_PUBLIC/dpl/2022.5/lib;/opt/intel/inteloneapi-basekit-hpckit-2024.1.001_PUBLIC/ccl/2021.12/lib;/opt/intel/inteloneapi-basekit-hpckit-2024.1.001_PUBLIC/dal/2024.2/lib;/opt/intel/inteloneapi-basekit-hpckit-2024.1.001_PUBLIC/dnnl/2024.1/lib;/opt/intel/inteloneapi-basekit-hpckit-2024.1.001_PUBLIC/tbb/2021.12/lib/intel64/gcc4.8;/opt/intel/inteloneapi-basekit-hpckit-2024.1.001_PUBLIC/mkl/20240414_cev_nightly/lib]
  implicit fwks: []


